<?xml version="1.0" encoding="UTF-8"?>
<testsuite xmlns:xsi="http://www.w3.org/2001/XMLSchema-instance" xsi:noNamespaceSchemaLocation="https://maven.apache.org/surefire/maven-surefire-plugin/xsd/surefire-test-report.xsd" name="com.cryptochecker.MenuWhiteBoxTest" time="0.011" tests="7" errors="0" skipped="7" failures="0">
  <properties>
[...]
</properties>
  <testcase name="testCoinButton_AllVisibilityStates" classname="com.cryptochecker.MenuWhiteBoxTest" time="0">
    <skipped message="Skipped: GUI interaction test requires non-headless environment"/>
  </testcase>
  <testcase name="testSettingsButton_AllVisibilityStates" classname="com.cryptochecker.MenuWhiteBoxTest" time="0">
    <skipped message="Skipped: GUI interaction test requires non-headless environment"/>
  </testcase>
  <testcase name="testPortfolioButton_AllVisibilityStates" classname="com.cryptochecker.MenuWhiteBoxTest" time="0">
    <skipped message="Skipped: GUI interaction test requires non-headless environment"/>
  </testcase>
  <testcase name="testConverterButton_AllVisibilityStates" classname="com.cryptochecker.MenuWhiteBoxTest" time="0">
    <skipped message="Skipped: GUI interaction test requires non-headless environment"/>
  </testcase>
  <testcase name="testNavigationSequence" classname="com.cryptochecker.MenuWhiteBoxTest" time="0">
    <skipped message="Skipped: GUI interaction test requires non-headless environment"/>
  </testcase>
  <testcase name="testMenuInitialization" classname="com.cryptochecker.MenuWhiteBoxTest" time="0">
    <skipped message="Skipping GUI test in headless environment"/>
  </testcase>
  <testcase name="testNavigationButtons_Exist" classname="com.cryptochecker.MenuWhiteBoxTest" time="0">
    <skipped message="Skipping GUI test in headless environment"/>
  </testcase>
</testsuite>