<?xml version="1.0" encoding="UTF-8"?>
<testsuite xmlns:xsi="http://www.w3.org/2001/XMLSchema-instance" xsi:noNamespaceSchemaLocation="https://maven.apache.org/surefire/maven-surefire-plugin/xsd/surefire-test-report-3.0.xsd" version="3.0" name="com.cryptochecker.PanelSettingsWhiteBoxTest" time="0.257" tests="11" errors="0" skipped="0" failures="0">
  <properties>
[...]
</properties>
  <testcase name="testThemeSwitch_CustomMode" classname="com.cryptochecker.PanelSettingsWhiteBoxTest" time="0.009"/>
  <testcase name="testConstructor_CustomThemeInitialization" classname="com.cryptochecker.PanelSettingsWhiteBoxTest" time="0.022"/>
  <testcase name="testConstructor_LightThemeInitialization" classname="com.cryptochecker.PanelSettingsWhiteBoxTest" time="0.027"/>
  <testcase name="testThemeSwitch_DarkMode" classname="com.cryptochecker.PanelSettingsWhiteBoxTest" time="0.013"/>
  <testcase name="testThemeSwitch_LightMode" classname="com.cryptochecker.PanelSettingsWhiteBoxTest" time="0.011"/>
  <testcase name="testPanelInitialization" classname="com.cryptochecker.PanelSettingsWhiteBoxTest" time="0.01"/>
  <testcase name="testDebugFunction_Disable" classname="com.cryptochecker.PanelSettingsWhiteBoxTest" time="0.01"/>
  <testcase name="testDebugFunction_Enable" classname="com.cryptochecker.PanelSettingsWhiteBoxTest" time="0.025"/>
  <testcase name="testColorListener" classname="com.cryptochecker.PanelSettingsWhiteBoxTest" time="0.073"/>
  <testcase name="testConstructor_DebugModeTrue" classname="com.cryptochecker.PanelSettingsWhiteBoxTest" time="0.047"/>
  <testcase name="testColorChangeListener" classname="com.cryptochecker.PanelSettingsWhiteBoxTest" time="0.009"/>
</testsuite>