<?xml version="1.0" encoding="UTF-8"?>
<testsuite xmlns:xsi="http://www.w3.org/2001/XMLSchema-instance" xsi:noNamespaceSchemaLocation="https://maven.apache.org/surefire/maven-surefire-plugin/xsd/surefire-test-report-3.0.xsd" version="3.0" name="com.cryptochecker.CurrencyConversionBlackBoxTest" time="0.178" tests="3" errors="0" skipped="0" failures="0">
  <properties>
[...]
</properties>
  <testcase name="testCalculateCurrency_EP_CryptoToCrypto" classname="com.cryptochecker.CurrencyConversionBlackBoxTest" time="0.008"/>
  <testcase name="testCalculateCurrency_BVA_MinimumPositiveInput" classname="com.cryptochecker.CurrencyConversionBlackBoxTest" time="0.0"/>
  <testcase name="testCalculateCurrency_EP_CryptoToFiat" classname="com.cryptochecker.CurrencyConversionBlackBoxTest" time="0.0"/>
</testsuite>